[15:36:08.854] [INFO] storybook v10.1.4
[15:36:10.399] [DEBUG] Getting package.json info for C:/Users/dltkd/PorTracker/PorTracker/package.json...
[15:36:12.325] [INFO] Starting...
[15:36:12.643] [DEBUG] Starting preview..
[15:36:12.717] [INFO] Addon-docs: using MDX3
[15:36:12.798] [INFO] Using implicit CSS loaders
[15:36:13.558] [INFO] Using SWC as compiler
[15:36:13.593] [INFO] Using default Webpack5 setup
[15:36:50.375] [WARN] Module not found: Error: Can't resolve '@emotion/is-prop-valid' in 'C:\Users\dltkd\PorTracker\PorTracker\node_modules\.pnpm\framer-motion@12.23.25_react-dom@19.2.0_react@19.2.0__react@19.2.0\node_modules\framer-motion\dist\es\render\dom\utils'
[15:36:50.377] [ERROR] Failed to build the preview
[15:36:50.380] [WARN] Force closed preview build
[15:36:50.382] [ERROR] [38;2;241;97;97mSB_BUILDER-WEBPACK5_0003 (WebpackCompilationError): There were problems when compiling your code with Webpack.
Run Storybook with --debug-webpack for more information.[39m
    at starter (file:///C:/Users/dltkd/PorTracker/PorTracker/node_modules/.pnpm/@storybook+builder-webpack5@10.1.4_@rspack+core@1.6.6_@swc+helpers@0.5.17__@swc+core@1.5.29_@_m4cohlms6jp4dn2cxjjqr5ioqq/node_modules/@storybook/builder-webpack5/dist/index.js:799:11)
    at starter.next (<anonymous>)
    at Module.start (file:///C:/Users/dltkd/PorTracker/PorTracker/node_modules/.pnpm/@storybook+builder-webpack5@10.1.4_@rspack+core@1.6.6_@swc+helpers@0.5.17__@swc+core@1.5.29_@_m4cohlms6jp4dn2cxjjqr5ioqq/node_modules/@storybook/builder-webpack5/dist/index.js:857:34)
    at process.processTicksAndRejections (node:internal/process/task_queues:105:5)
    at async storybookDevServer (file:///C:/Users/dltkd/PorTracker/PorTracker/node_modules/.pnpm/storybook@10.1.4_@testing-library+dom@10.4.1_prettier@2.8.8_react-dom@19.2.0_react@19.2.0__react@19.2.0/node_modules/storybook/dist/core-server/index.js:7180:82)
    at async buildOrThrow (file:///C:/Users/dltkd/PorTracker/PorTracker/node_modules/.pnpm/storybook@10.1.4_@testing-library+dom@10.4.1_prettier@2.8.8_react-dom@19.2.0_react@19.2.0__react@19.2.0/node_modules/storybook/dist/core-server/index.js:5556:12)
    at async buildDevStandalone (file:///C:/Users/dltkd/PorTracker/PorTracker/node_modules/.pnpm/storybook@10.1.4_@testing-library+dom@10.4.1_prettier@2.8.8_react-dom@19.2.0_react@19.2.0__react@19.2.0/node_modules/storybook/dist/core-server/index.js:7582:66)
    at async withTelemetry (file:///C:/Users/dltkd/PorTracker/PorTracker/node_modules/.pnpm/storybook@10.1.4_@testing-library+dom@10.4.1_prettier@2.8.8_react-dom@19.2.0_react@19.2.0__react@19.2.0/node_modules/storybook/dist/_node-chunks/chunk-6KX7N5UF.js:205:12)
    at async dev (file:///C:/Users/dltkd/PorTracker/PorTracker/node_modules/.pnpm/storybook@10.1.4_@testing-library+dom@10.4.1_prettier@2.8.8_react-dom@19.2.0_react@19.2.0__react@19.2.0/node_modules/storybook/dist/bin/core.js:2734:3)
    at async _Command.<anonymous> (file:///C:/Users/dltkd/PorTracker/PorTracker/node_modules/.pnpm/storybook@10.1.4_@testing-library+dom@10.4.1_prettier@2.8.8_react-dom@19.2.0_react@19.2.0__react@19.2.0/node_modules/storybook/dist/bin/core.js:2801:92)
[15:36:50.385] [WARN] Broken build, fix the error above.
You may need to refresh the browser.